<?xml version="1.0" encoding="UTF-8"?>
<testsuite name="io.github.relinran.serialport.core.SerialSessionTest" tests="2" skipped="0" failures="0" errors="0" timestamp="2026-08-01T01:59:01" hostname="DESKTOP-ASIS9S5" time="0.165">
  <properties/>
  <testcase name="timesOutSlowWrites" classname="io.github.relinran.serialport.core.SerialSessionTest" time="0.154"/>
  <testcase name="sendsInOrderAndPublishesConnectedState" classname="io.github.relinran.serialport.core.SerialSessionTest" time="0.009"/>
  <system-out><![CDATA[]]></system-out>
  <system-err><![CDATA[]]></system-err>
</testsuite>
